2019-09-03 20:31:28.713  INFO 8756 --- [main] c.p.admin.web.AdminWebApplicationTests   : No active profile set, falling back to default profiles: default
2019-09-03 20:31:30.356  INFO 8756 --- [main] o.s.cloud.context.scope.GenericScope     : BeanFactory id=99654023-38cb-3825-84d3-51c78ab807cd
2019-09-03 20:31:30.434  INFO 8756 --- [main] trationDelegate$BeanPostProcessorChecker : Bean 'com.platform.admin.service.iface.GoodsService' of type [org.springframework.cloud.openfeign.FeignClientFactoryBean] is not eligible for getting processed by all BeanPostProcessors (for example: not eligible for auto-proxying)
2019-09-03 20:31:30.434  INFO 8756 --- [main] trationDelegate$BeanPostProcessorChecker : Bean 'com.platform.admin.service.iface.JdGoodsService' of type [org.springframework.cloud.openfeign.FeignClientFactoryBean] is not eligible for getting processed by all BeanPostProcessors (for example: not eligible for auto-proxying)
2019-09-03 20:31:30.434  INFO 8756 --- [main] trationDelegate$BeanPostProcessorChecker : Bean 'com.platform.admin.service.iface.TbGoodsService' of type [org.springframework.cloud.openfeign.FeignClientFactoryBean] is not eligible for getting processed by all BeanPostProcessors (for example: not eligible for auto-proxying)
2019-09-03 20:31:30.434  INFO 8756 --- [main] trationDelegate$BeanPostProcessorChecker : Bean 'com.platform.admin.service.iface.UserService' of type [org.springframework.cloud.openfeign.FeignClientFactoryBean] is not eligible for getting processed by all BeanPostProcessors (for example: not eligible for auto-proxying)
2019-09-03 20:31:30.434  INFO 8756 --- [main] trationDelegate$BeanPostProcessorChecker : Bean 'com.platform.front.service.iface.GoodsService' of type [org.springframework.cloud.openfeign.FeignClientFactoryBean] is not eligible for getting processed by all BeanPostProcessors (for example: not eligible for auto-proxying)
2019-09-03 20:31:30.700  INFO 8756 --- [main] trationDelegate$BeanPostProcessorChecker : Bean 'org.springframework.cloud.autoconfigure.ConfigurationPropertiesRebinderAutoConfiguration' of type [org.springframework.cloud.autoconfigure.ConfigurationPropertiesRebinderAutoConfiguration$$EnhancerBySpringCGLIB$$960e6d1b] is not eligible for getting processed by all BeanPostProcessors (for example: not eligible for auto-proxying)
2019-09-03 20:31:32.218  WARN 8756 --- [main] c.n.c.sources.URLConfigurationSource     : No URLs will be polled as dynamic configuration sources.
2019-09-03 20:31:32.218  INFO 8756 --- [main] c.n.c.sources.URLConfigurationSource     : To enable URLs as dynamic configuration sources, define System property archaius.configurationSource.additionalUrls or make config.properties available on classpath.
2019-09-03 20:31:32.218  WARN 8756 --- [main] c.n.c.sources.URLConfigurationSource     : No URLs will be polled as dynamic configuration sources.
2019-09-03 20:31:32.218  INFO 8756 --- [main] c.n.c.sources.URLConfigurationSource     : To enable URLs as dynamic configuration sources, define System property archaius.configurationSource.additionalUrls or make config.properties available on classpath.
2019-09-03 20:31:32.921  INFO 8756 --- [main] o.s.s.concurrent.ThreadPoolTaskExecutor  : Initializing ExecutorService 'applicationTaskExecutor'
2019-09-03 20:31:36.796  INFO 8756 --- [main] c.p.admin.web.AdminWebApplicationTests   : Started AdminWebApplicationTests in 11.003 seconds (JVM running for 14.334)
2019-09-03 20:31:38.217  INFO 8756 --- [Thread-5] o.s.c.n.eureka.InstanceInfoFactory       : Setting initial instance status as: STARTING
2019-09-03 20:31:38.217  INFO 8756 --- [Thread-5] o.s.c.n.e.s.EurekaServiceRegistry        : Unregistering application COM-PLATFORM-ADMIN-WEB with eureka with status DOWN
2019-09-03 20:31:38.233  INFO 8756 --- [Thread-5] o.s.s.concurrent.ThreadPoolTaskExecutor  : Shutting down ExecutorService 'applicationTaskExecutor'
2019-09-03 20:31:38.280  WARN 8756 --- [Thread-5] c.n.c.sources.URLConfigurationSource     : No URLs will be polled as dynamic configuration sources.
2019-09-03 20:31:38.280  INFO 8756 --- [Thread-5] c.n.c.sources.URLConfigurationSource     : To enable URLs as dynamic configuration sources, define System property archaius.configurationSource.additionalUrls or make config.properties available on classpath.
2019-09-03 20:33:02.757  INFO 11360 --- [main] c.p.admin.web.AdminWebApplicationTests   : No active profile set, falling back to default profiles: default
2019-09-03 20:33:04.011  INFO 11360 --- [main] o.s.cloud.context.scope.GenericScope     : BeanFactory id=99654023-38cb-3825-84d3-51c78ab807cd
2019-09-03 20:33:04.089  INFO 11360 --- [main] trationDelegate$BeanPostProcessorChecker : Bean 'com.platform.admin.service.iface.GoodsService' of type [org.springframework.cloud.openfeign.FeignClientFactoryBean] is not eligible for getting processed by all BeanPostProcessors (for example: not eligible for auto-proxying)
2019-09-03 20:33:04.104  INFO 11360 --- [main] trationDelegate$BeanPostProcessorChecker : Bean 'com.platform.admin.service.iface.JdGoodsService' of type [org.springframework.cloud.openfeign.FeignClientFactoryBean] is not eligible for getting processed by all BeanPostProcessors (for example: not eligible for auto-proxying)
2019-09-03 20:33:04.104  INFO 11360 --- [main] trationDelegate$BeanPostProcessorChecker : Bean 'com.platform.admin.service.iface.TbGoodsService' of type [org.springframework.cloud.openfeign.FeignClientFactoryBean] is not eligible for getting processed by all BeanPostProcessors (for example: not eligible for auto-proxying)
2019-09-03 20:33:04.104  INFO 11360 --- [main] trationDelegate$BeanPostProcessorChecker : Bean 'com.platform.admin.service.iface.UserService' of type [org.springframework.cloud.openfeign.FeignClientFactoryBean] is not eligible for getting processed by all BeanPostProcessors (for example: not eligible for auto-proxying)
2019-09-03 20:33:04.104  INFO 11360 --- [main] trationDelegate$BeanPostProcessorChecker : Bean 'com.platform.front.service.iface.GoodsService' of type [org.springframework.cloud.openfeign.FeignClientFactoryBean] is not eligible for getting processed by all BeanPostProcessors (for example: not eligible for auto-proxying)
2019-09-03 20:33:04.370  INFO 11360 --- [main] trationDelegate$BeanPostProcessorChecker : Bean 'org.springframework.cloud.autoconfigure.ConfigurationPropertiesRebinderAutoConfiguration' of type [org.springframework.cloud.autoconfigure.ConfigurationPropertiesRebinderAutoConfiguration$$EnhancerBySpringCGLIB$$707e8f5a] is not eligible for getting processed by all BeanPostProcessors (for example: not eligible for auto-proxying)
2019-09-03 20:33:05.760  WARN 11360 --- [main] c.n.c.sources.URLConfigurationSource     : No URLs will be polled as dynamic configuration sources.
2019-09-03 20:33:05.760  INFO 11360 --- [main] c.n.c.sources.URLConfigurationSource     : To enable URLs as dynamic configuration sources, define System property archaius.configurationSource.additionalUrls or make config.properties available on classpath.
2019-09-03 20:33:05.776  WARN 11360 --- [main] c.n.c.sources.URLConfigurationSource     : No URLs will be polled as dynamic configuration sources.
2019-09-03 20:33:05.776  INFO 11360 --- [main] c.n.c.sources.URLConfigurationSource     : To enable URLs as dynamic configuration sources, define System property archaius.configurationSource.additionalUrls or make config.properties available on classpath.
2019-09-03 20:33:06.448  INFO 11360 --- [main] o.s.s.concurrent.ThreadPoolTaskExecutor  : Initializing ExecutorService 'applicationTaskExecutor'
2019-09-03 20:33:10.276  INFO 11360 --- [main] c.p.admin.web.AdminWebApplicationTests   : Started AdminWebApplicationTests in 10.316 seconds (JVM running for 13.568)
2019-09-03 20:33:11.792  INFO 11360 --- [Thread-5] o.s.c.n.eureka.InstanceInfoFactory       : Setting initial instance status as: STARTING
2019-09-03 20:33:11.792  INFO 11360 --- [Thread-5] o.s.c.n.e.s.EurekaServiceRegistry        : Unregistering application COM-PLATFORM-ADMIN-WEB with eureka with status DOWN
2019-09-03 20:33:11.807  INFO 11360 --- [Thread-5] o.s.s.concurrent.ThreadPoolTaskExecutor  : Shutting down ExecutorService 'applicationTaskExecutor'
2019-09-03 20:33:11.823  WARN 11360 --- [Thread-5] c.n.c.sources.URLConfigurationSource     : No URLs will be polled as dynamic configuration sources.
2019-09-03 20:33:11.839  INFO 11360 --- [Thread-5] c.n.c.sources.URLConfigurationSource     : To enable URLs as dynamic configuration sources, define System property archaius.configurationSource.additionalUrls or make config.properties available on classpath.
2019-09-03 20:34:36.314  INFO 4728 --- [main] c.p.admin.web.AdminWebApplicationTests   : No active profile set, falling back to default profiles: default
2019-09-03 20:34:37.665  INFO 4728 --- [main] o.s.cloud.context.scope.GenericScope     : BeanFactory id=99654023-38cb-3825-84d3-51c78ab807cd
2019-09-03 20:34:37.743  INFO 4728 --- [main] trationDelegate$BeanPostProcessorChecker : Bean 'com.platform.admin.service.iface.GoodsService' of type [org.springframework.cloud.openfeign.FeignClientFactoryBean] is not eligible for getting processed by all BeanPostProcessors (for example: not eligible for auto-proxying)
2019-09-03 20:34:37.743  INFO 4728 --- [main] trationDelegate$BeanPostProcessorChecker : Bean 'com.platform.admin.service.iface.JdGoodsService' of type [org.springframework.cloud.openfeign.FeignClientFactoryBean] is not eligible for getting processed by all BeanPostProcessors (for example: not eligible for auto-proxying)
2019-09-03 20:34:37.743  INFO 4728 --- [main] trationDelegate$BeanPostProcessorChecker : Bean 'com.platform.admin.service.iface.TbGoodsService' of type [org.springframework.cloud.openfeign.FeignClientFactoryBean] is not eligible for getting processed by all BeanPostProcessors (for example: not eligible for auto-proxying)
2019-09-03 20:34:37.743  INFO 4728 --- [main] trationDelegate$BeanPostProcessorChecker : Bean 'com.platform.admin.service.iface.UserService' of type [org.springframework.cloud.openfeign.FeignClientFactoryBean] is not eligible for getting processed by all BeanPostProcessors (for example: not eligible for auto-proxying)
2019-09-03 20:34:37.743  INFO 4728 --- [main] trationDelegate$BeanPostProcessorChecker : Bean 'com.platform.front.service.iface.GoodsService' of type [org.springframework.cloud.openfeign.FeignClientFactoryBean] is not eligible for getting processed by all BeanPostProcessors (for example: not eligible for auto-proxying)
2019-09-03 20:34:38.008  INFO 4728 --- [main] trationDelegate$BeanPostProcessorChecker : Bean 'org.springframework.cloud.autoconfigure.ConfigurationPropertiesRebinderAutoConfiguration' of type [org.springframework.cloud.autoconfigure.ConfigurationPropertiesRebinderAutoConfiguration$$EnhancerBySpringCGLIB$$262102ca] is not eligible for getting processed by all BeanPostProcessors (for example: not eligible for auto-proxying)
2019-09-03 20:34:39.462  WARN 4728 --- [main] c.n.c.sources.URLConfigurationSource     : No URLs will be polled as dynamic configuration sources.
2019-09-03 20:34:39.462  INFO 4728 --- [main] c.n.c.sources.URLConfigurationSource     : To enable URLs as dynamic configuration sources, define System property archaius.configurationSource.additionalUrls or make config.properties available on classpath.
2019-09-03 20:34:39.462  WARN 4728 --- [main] c.n.c.sources.URLConfigurationSource     : No URLs will be polled as dynamic configuration sources.
2019-09-03 20:34:39.462  INFO 4728 --- [main] c.n.c.sources.URLConfigurationSource     : To enable URLs as dynamic configuration sources, define System property archaius.configurationSource.additionalUrls or make config.properties available on classpath.
2019-09-03 20:34:40.160  INFO 4728 --- [main] o.s.s.concurrent.ThreadPoolTaskExecutor  : Initializing ExecutorService 'applicationTaskExecutor'
2019-09-03 20:34:43.741  INFO 4728 --- [main] c.p.admin.web.AdminWebApplicationTests   : Started AdminWebApplicationTests in 10.147 seconds (JVM running for 13.048)
2019-09-03 20:34:45.022  INFO 4728 --- [Thread-5] o.s.c.n.eureka.InstanceInfoFactory       : Setting initial instance status as: STARTING
2019-09-03 20:34:45.022  INFO 4728 --- [Thread-5] o.s.c.n.e.s.EurekaServiceRegistry        : Unregistering application COM-PLATFORM-ADMIN-WEB with eureka with status DOWN
2019-09-03 20:34:45.037  INFO 4728 --- [Thread-5] o.s.s.concurrent.ThreadPoolTaskExecutor  : Shutting down ExecutorService 'applicationTaskExecutor'
2019-09-03 20:34:45.070  WARN 4728 --- [Thread-5] c.n.c.sources.URLConfigurationSource     : No URLs will be polled as dynamic configuration sources.
2019-09-03 20:34:45.070  INFO 4728 --- [Thread-5] c.n.c.sources.URLConfigurationSource     : To enable URLs as dynamic configuration sources, define System property archaius.configurationSource.additionalUrls or make config.properties available on classpath.
2019-09-03 20:36:40.398  INFO 2096 --- [main] c.p.admin.web.AdminWebApplicationTests   : No active profile set, falling back to default profiles: default
2019-09-03 20:36:42.141  INFO 2096 --- [main] o.s.cloud.context.scope.GenericScope     : BeanFactory id=99654023-38cb-3825-84d3-51c78ab807cd
2019-09-03 20:36:42.235  INFO 2096 --- [main] trationDelegate$BeanPostProcessorChecker : Bean 'com.platform.admin.service.iface.GoodsService' of type [org.springframework.cloud.openfeign.FeignClientFactoryBean] is not eligible for getting processed by all BeanPostProcessors (for example: not eligible for auto-proxying)
2019-09-03 20:36:42.250  INFO 2096 --- [main] trationDelegate$BeanPostProcessorChecker : Bean 'com.platform.admin.service.iface.JdGoodsService' of type [org.springframework.cloud.openfeign.FeignClientFactoryBean] is not eligible for getting processed by all BeanPostProcessors (for example: not eligible for auto-proxying)
2019-09-03 20:36:42.250  INFO 2096 --- [main] trationDelegate$BeanPostProcessorChecker : Bean 'com.platform.admin.service.iface.TbGoodsService' of type [org.springframework.cloud.openfeign.FeignClientFactoryBean] is not eligible for getting processed by all BeanPostProcessors (for example: not eligible for auto-proxying)
2019-09-03 20:36:42.250  INFO 2096 --- [main] trationDelegate$BeanPostProcessorChecker : Bean 'com.platform.admin.service.iface.UserService' of type [org.springframework.cloud.openfeign.FeignClientFactoryBean] is not eligible for getting processed by all BeanPostProcessors (for example: not eligible for auto-proxying)
2019-09-03 20:36:42.250  INFO 2096 --- [main] trationDelegate$BeanPostProcessorChecker : Bean 'com.platform.front.service.iface.GoodsService' of type [org.springframework.cloud.openfeign.FeignClientFactoryBean] is not eligible for getting processed by all BeanPostProcessors (for example: not eligible for auto-proxying)
2019-09-03 20:36:42.532  INFO 2096 --- [main] trationDelegate$BeanPostProcessorChecker : Bean 'org.springframework.cloud.autoconfigure.ConfigurationPropertiesRebinderAutoConfiguration' of type [org.springframework.cloud.autoconfigure.ConfigurationPropertiesRebinderAutoConfiguration$$EnhancerBySpringCGLIB$$8fc4a72b] is not eligible for getting processed by all BeanPostProcessors (for example: not eligible for auto-proxying)
2019-09-03 20:36:43.923  WARN 2096 --- [main] c.n.c.sources.URLConfigurationSource     : No URLs will be polled as dynamic configuration sources.
2019-09-03 20:36:43.923  INFO 2096 --- [main] c.n.c.sources.URLConfigurationSource     : To enable URLs as dynamic configuration sources, define System property archaius.configurationSource.additionalUrls or make config.properties available on classpath.
2019-09-03 20:36:43.923  WARN 2096 --- [main] c.n.c.sources.URLConfigurationSource     : No URLs will be polled as dynamic configuration sources.
2019-09-03 20:36:43.923  INFO 2096 --- [main] c.n.c.sources.URLConfigurationSource     : To enable URLs as dynamic configuration sources, define System property archaius.configurationSource.additionalUrls or make config.properties available on classpath.
2019-09-03 20:36:44.610  INFO 2096 --- [main] o.s.s.concurrent.ThreadPoolTaskExecutor  : Initializing ExecutorService 'applicationTaskExecutor'
2019-09-03 20:36:48.188  INFO 2096 --- [main] c.p.admin.web.AdminWebApplicationTests   : Started AdminWebApplicationTests in 10.446 seconds (JVM running for 13.326)
2019-09-03 20:36:49.454  INFO 2096 --- [Thread-5] o.s.c.n.eureka.InstanceInfoFactory       : Setting initial instance status as: STARTING
2019-09-03 20:36:49.454  INFO 2096 --- [Thread-5] o.s.c.n.e.s.EurekaServiceRegistry        : Unregistering application COM-PLATFORM-ADMIN-WEB with eureka with status DOWN
2019-09-03 20:36:49.469  INFO 2096 --- [Thread-5] o.s.s.concurrent.ThreadPoolTaskExecutor  : Shutting down ExecutorService 'applicationTaskExecutor'
2019-09-03 20:36:49.500  WARN 2096 --- [Thread-5] c.n.c.sources.URLConfigurationSource     : No URLs will be polled as dynamic configuration sources.
2019-09-03 20:36:49.500  INFO 2096 --- [Thread-5] c.n.c.sources.URLConfigurationSource     : To enable URLs as dynamic configuration sources, define System property archaius.configurationSource.additionalUrls or make config.properties available on classpath.
2019-09-03 20:38:25.011  INFO 10780 --- [main] c.p.admin.web.AdminWebApplicationTests   : No active profile set, falling back to default profiles: default
2019-09-03 20:38:26.355  INFO 10780 --- [main] o.s.cloud.context.scope.GenericScope     : BeanFactory id=99654023-38cb-3825-84d3-51c78ab807cd
2019-09-03 20:38:26.433  INFO 10780 --- [main] trationDelegate$BeanPostProcessorChecker : Bean 'com.platform.admin.service.iface.GoodsService' of type [org.springframework.cloud.openfeign.FeignClientFactoryBean] is not eligible for getting processed by all BeanPostProcessors (for example: not eligible for auto-proxying)
2019-09-03 20:38:26.433  INFO 10780 --- [main] trationDelegate$BeanPostProcessorChecker : Bean 'com.platform.admin.service.iface.JdGoodsService' of type [org.springframework.cloud.openfeign.FeignClientFactoryBean] is not eligible for getting processed by all BeanPostProcessors (for example: not eligible for auto-proxying)
2019-09-03 20:38:26.433  INFO 10780 --- [main] trationDelegate$BeanPostProcessorChecker : Bean 'com.platform.admin.service.iface.TbGoodsService' of type [org.springframework.cloud.openfeign.FeignClientFactoryBean] is not eligible for getting processed by all BeanPostProcessors (for example: not eligible for auto-proxying)
2019-09-03 20:38:26.448  INFO 10780 --- [main] trationDelegate$BeanPostProcessorChecker : Bean 'com.platform.admin.service.iface.UserService' of type [org.springframework.cloud.openfeign.FeignClientFactoryBean] is not eligible for getting processed by all BeanPostProcessors (for example: not eligible for auto-proxying)
2019-09-03 20:38:26.448  INFO 10780 --- [main] trationDelegate$BeanPostProcessorChecker : Bean 'com.platform.front.service.iface.GoodsService' of type [org.springframework.cloud.openfeign.FeignClientFactoryBean] is not eligible for getting processed by all BeanPostProcessors (for example: not eligible for auto-proxying)
2019-09-03 20:38:26.698  INFO 10780 --- [main] trationDelegate$BeanPostProcessorChecker : Bean 'org.springframework.cloud.autoconfigure.ConfigurationPropertiesRebinderAutoConfiguration' of type [org.springframework.cloud.autoconfigure.ConfigurationPropertiesRebinderAutoConfiguration$$EnhancerBySpringCGLIB$$ee64590c] is not eligible for getting processed by all BeanPostProcessors (for example: not eligible for auto-proxying)
2019-09-03 20:38:28.131  WARN 10780 --- [main] c.n.c.sources.URLConfigurationSource     : No URLs will be polled as dynamic configuration sources.
2019-09-03 20:38:28.131  INFO 10780 --- [main] c.n.c.sources.URLConfigurationSource     : To enable URLs as dynamic configuration sources, define System property archaius.configurationSource.additionalUrls or make config.properties available on classpath.
2019-09-03 20:38:28.147  WARN 10780 --- [main] c.n.c.sources.URLConfigurationSource     : No URLs will be polled as dynamic configuration sources.
2019-09-03 20:38:28.147  INFO 10780 --- [main] c.n.c.sources.URLConfigurationSource     : To enable URLs as dynamic configuration sources, define System property archaius.configurationSource.additionalUrls or make config.properties available on classpath.
2019-09-03 20:38:28.866  INFO 10780 --- [main] o.s.s.concurrent.ThreadPoolTaskExecutor  : Initializing ExecutorService 'applicationTaskExecutor'
2019-09-03 20:38:32.937  INFO 10780 --- [main] c.p.admin.web.AdminWebApplicationTests   : Started AdminWebApplicationTests in 10.62 seconds (JVM running for 13.468)
2019-09-03 20:40:31.121  INFO 10780 --- [Thread-5] o.s.c.n.eureka.InstanceInfoFactory       : Setting initial instance status as: STARTING
2019-09-03 20:40:31.121  INFO 10780 --- [Thread-5] o.s.c.n.e.s.EurekaServiceRegistry        : Unregistering application COM-PLATFORM-ADMIN-WEB with eureka with status DOWN
2019-09-03 20:40:31.121  INFO 10780 --- [Thread-5] o.s.s.concurrent.ThreadPoolTaskExecutor  : Shutting down ExecutorService 'applicationTaskExecutor'
2019-09-03 20:40:31.152  WARN 10780 --- [Thread-5] c.n.c.sources.URLConfigurationSource     : No URLs will be polled as dynamic configuration sources.
2019-09-03 20:40:31.152  INFO 10780 --- [Thread-5] c.n.c.sources.URLConfigurationSource     : To enable URLs as dynamic configuration sources, define System property archaius.configurationSource.additionalUrls or make config.properties available on classpath.
